<?xml version="1.0" encoding="UTF-8"?>
<testsuite xmlns:xsi="http://www.w3.org/2001/XMLSchema-instance" xsi:noNamespaceSchemaLocation="https://maven.apache.org/surefire/maven-surefire-plugin/xsd/surefire-test-report.xsd" name="hello.CustomerEditorTests" time="1.201" tests="2" errors="0" skipped="0" failures="0">
  <properties>
[...]
</properties>
  <testcase name="shouldStoreCustomerInRepoWhenEditorSaveClicked" classname="hello.CustomerEditorTests" time="0.055"/>
  <testcase name="shouldDeleteCustomerFromRepoWhenEditorDeleteClicked" classname="hello.CustomerEditorTests" time="0.017"/>
</testsuite>