<?xml version="1.0" encoding="UTF-8"?>
<testsuite xmlns:xsi="http://www.w3.org/2001/XMLSchema-instance" xsi:noNamespaceSchemaLocation="https://maven.apache.org/surefire/maven-surefire-plugin/xsd/surefire-test-report.xsd" name="hello.ApplicationTests" time="2.199" tests="2" errors="0" skipped="0" failures="2">
  <properties>
[...]
</properties>
  <testcase name="shouldFindTwoBauerCustomers" classname="hello.ApplicationTests" time="0.01">
    <failure message="&#10;Expected size:&lt;2&gt; but was:&lt;10&gt; in:&#10;&lt;[Customer[id=1, firstName=&apos;Jack&apos;, lastName=&apos;Bauer&apos;],&#10;    Customer[id=3, firstName=&apos;Kim&apos;, lastName=&apos;Bauer&apos;],&#10;    Customer[id=8, firstName=&apos;Jack&apos;, lastName=&apos;Bauer&apos;],&#10;    Customer[id=10, firstName=&apos;Kim&apos;, lastName=&apos;Bauer&apos;],&#10;    Customer[id=15, firstName=&apos;Jack&apos;, lastName=&apos;Bauer&apos;],&#10;    Customer[id=17, firstName=&apos;Kim&apos;, lastName=&apos;Bauer&apos;],&#10;    Customer[id=22, firstName=&apos;Jack&apos;, lastName=&apos;Bauer&apos;],&#10;    Customer[id=24, firstName=&apos;Kim&apos;, lastName=&apos;Bauer&apos;],&#10;    Customer[id=29, firstName=&apos;Jack&apos;, lastName=&apos;Bauer&apos;],&#10;    Customer[id=31, firstName=&apos;Kim&apos;, lastName=&apos;Bauer&apos;]]&gt;" type="java.lang.AssertionError">java.lang.AssertionError: Expected size:&lt;2&gt; but was:&lt;10&gt; in:&lt;[Customer[id=1, firstName='Jack', lastName='Bauer'],    Customer[id=3, firstName='Kim', lastName='Bauer'],    Customer[id=8, firstName='Jack', lastName='Bauer'],    Customer[id=10, firstName='Kim', lastName='Bauer'],    Customer[id=15, firstName='Jack', lastName='Bauer'],    Customer[id=17, firstName='Kim', lastName='Bauer'],    Customer[id=22, firstName='Jack', lastName='Bauer'],    Customer[id=24, firstName='Kim', lastName='Bauer'],    Customer[id=29, firstName='Jack', lastName='Bauer'],    Customer[id=31, firstName='Kim', lastName='Bauer']]&gt;	at hello.ApplicationTests.shouldFindTwoBauerCustomers(ApplicationTests.java:25)</failure>
    <system-out><![CDATA[2018-09-05 21:16:01.216  INFO 6795 --- [           main] .b.t.c.SpringBootTestContextBootstrapper : Neither @ContextConfiguration nor @ContextHierarchy found for test class [hello.ApplicationTests], using SpringBootContextLoader
2018-09-05 21:16:01.217  INFO 6795 --- [           main] o.s.t.c.support.AbstractContextLoader    : Could not detect default resource locations for test class [hello.ApplicationTests]: no resource found for suffixes {-context.xml, Context.groovy}.
2018-09-05 21:16:01.226  INFO 6795 --- [           main] .b.t.c.SpringBootTestContextBootstrapper : Loaded default TestExecutionListener class names from location [META-INF/spring.factories]: [org.springframework.boot.test.mock.mockito.MockitoTestExecutionListener, org.springframework.boot.test.mock.mockito.ResetMocksTestExecutionListener, org.springframework.boot.test.autoconfigure.restdocs.RestDocsTestExecutionListener, org.springframework.boot.test.autoconfigure.web.client.MockRestServiceServerResetTestExecutionListener, org.springframework.boot.test.autoconfigure.web.servlet.MockMvcPrintOnlyOnFailureTestExecutionListener, org.springframework.boot.test.autoconfigure.web.servlet.WebDriverTestExecutionListener, org.springframework.test.context.web.ServletTestExecutionListener, org.springframework.test.context.support.DirtiesContextBeforeModesTestExecutionListener, org.springframework.test.context.support.DependencyInjectionTestExecutionListener, org.springframework.test.context.support.DirtiesContextTestExecutionListener, org.springframework.test.context.transaction.TransactionalTestExecutionListener, org.springframework.test.context.jdbc.SqlScriptsTestExecutionListener]
2018-09-05 21:16:01.227  INFO 6795 --- [           main] .b.t.c.SpringBootTestContextBootstrapper : Using TestExecutionListeners: [org.springframework.test.context.web.ServletTestExecutionListener@402a69f, org.springframework.test.context.support.DirtiesContextBeforeModesTestExecutionListener@419f0ea, org.springframework.boot.test.mock.mockito.MockitoTestExecutionListener@2d47b06, org.springframework.boot.test.autoconfigure.SpringBootDependencyInjectionTestExecutionListener@59371066, org.springframework.test.context.support.DirtiesContextTestExecutionListener@48106381, org.springframework.test.context.transaction.TransactionalTestExecutionListener@3c544c9, org.springframework.test.context.jdbc.SqlScriptsTestExecutionListener@22e813fc, org.springframework.boot.test.mock.mockito.ResetMocksTestExecutionListener@433d93e7, org.springframework.boot.test.autoconfigure.restdocs.RestDocsTestExecutionListener@87aec6a, org.springframework.boot.test.autoconfigure.web.client.MockRestServiceServerResetTestExecutionListener@213012a0, org.springframework.boot.test.autoconfigure.web.servlet.MockMvcPrintOnlyOnFailureTestExecutionListener@43a59289, org.springframework.boot.test.autoconfigure.web.servlet.WebDriverTestExecutionListener@6c2883b1]

  .   ____          _            __ _ _
 /\\ / ___'_ __ _ _(_)_ __  __ _ \ \ \ \
( ( )\___ | '_ | '_| | '_ \/ _` | \ \ \ \
 \\/  ___)| |_)| | | | | || (_| |  ) ) ) )
  '  |____| .__|_| |_|_| |_\__, | / / / /
 =========|_|==============|___/=/_/_/_/
 :: Spring Boot ::        (v2.0.3.RELEASE)

2018-09-05 21:16:01.276  INFO 6795 --- [           main] hello.ApplicationTests                   : Starting ApplicationTests on ale-UX330UAK with PID 6795 (started by ale in /home/ale/git/gs-crud-with-vaadin/complete)
2018-09-05 21:16:01.277  INFO 6795 --- [           main] hello.ApplicationTests                   : No active profile set, falling back to default profiles: default
2018-09-05 21:16:01.282  INFO 6795 --- [           main] o.s.w.c.s.GenericWebApplicationContext   : Refreshing org.springframework.web.context.support.GenericWebApplicationContext@652b3733: startup date [Wed Sep 05 21:16:01 ART 2018]; root of context hierarchy
2018-09-05 21:16:01.594  INFO 6795 --- [           main] o.s.b.f.s.DefaultListableBeanFactory     : Overriding bean definition for bean 'dispatcherServletRegistration' with a different definition: replacing [Root bean: class [null]; scope=; abstract=false; lazyInit=false; autowireMode=3; dependencyCheck=0; autowireCandidate=true; primary=false; factoryBeanName=org.springframework.boot.autoconfigure.web.servlet.DispatcherServletAutoConfiguration$DispatcherServletRegistrationConfiguration; factoryMethodName=dispatcherServletRegistration; initMethodName=null; destroyMethodName=(inferred); defined in class path resource [org/springframework/boot/autoconfigure/web/servlet/DispatcherServletAutoConfiguration$DispatcherServletRegistrationConfiguration.class]] with [Root bean: class [null]; scope=; abstract=false; lazyInit=false; autowireMode=3; dependencyCheck=0; autowireCandidate=true; primary=false; factoryBeanName=com.vaadin.flow.spring.SpringBootAutoConfiguration; factoryMethodName=dispatcherServletRegistration; initMethodName=null; destroyMethodName=(inferred); defined in class path resource [com/vaadin/flow/spring/SpringBootAutoConfiguration.class]]
2018-09-05 21:16:01.865  INFO 6795 --- [           main] trationDelegate$BeanPostProcessorChecker : Bean 'org.springframework.transaction.annotation.ProxyTransactionManagementConfiguration' of type [org.springframework.transaction.annotation.ProxyTransactionManagementConfiguration$$EnhancerBySpringCGLIB$$f5ffa0dc] is not eligible for getting processed by all BeanPostProcessors (for example: not eligible for auto-proxying)
2018-09-05 21:16:01.964  INFO 6795 --- [           main] com.zaxxer.hikari.HikariDataSource       : HikariPool-2 - Starting...
2018-09-05 21:16:01.975  INFO 6795 --- [           main] com.zaxxer.hikari.HikariDataSource       : HikariPool-2 - Start completed.
2018-09-05 21:16:01.996  INFO 6795 --- [           main] j.LocalContainerEntityManagerFactoryBean : Building JPA container EntityManagerFactory for persistence unit 'default'
2018-09-05 21:16:01.997  INFO 6795 --- [           main] o.hibernate.jpa.internal.util.LogHelper  : HHH000204: Processing PersistenceUnitInfo [
	name: default
	...]
2018-09-05 21:16:02.005  INFO 6795 --- [           main] org.hibernate.dialect.Dialect            : HHH000400: Using dialect: org.hibernate.dialect.MySQL5Dialect
2018-09-05 21:16:02.040  INFO 6795 --- [           main] j.LocalContainerEntityManagerFactoryBean : Initialized JPA EntityManagerFactory for persistence unit 'default'
2018-09-05 21:16:02.396  INFO 6795 --- [           main] o.s.w.s.handler.SimpleUrlHandlerMapping  : Default mapping to handler of type [class org.springframework.web.servlet.mvc.ServletForwardingController]
2018-09-05 21:16:02.459  INFO 6795 --- [           main] o.s.w.s.handler.SimpleUrlHandlerMapping  : Mapped URL path [/**/favicon.ico] onto handler of type [class org.springframework.web.servlet.resource.ResourceHttpRequestHandler]
2018-09-05 21:16:02.800  INFO 6795 --- [           main] s.w.s.m.m.a.RequestMappingHandlerAdapter : Looking for @ControllerAdvice: org.springframework.web.context.support.GenericWebApplicationContext@652b3733: startup date [Wed Sep 05 21:16:01 ART 2018]; root of context hierarchy
2018-09-05 21:16:02.930  WARN 6795 --- [           main] aWebConfiguration$JpaWebMvcConfiguration : spring.jpa.open-in-view is enabled by default. Therefore, database queries may be performed during view rendering. Explicitly configure spring.jpa.open-in-view to disable this warning
2018-09-05 21:16:03.001  INFO 6795 --- [           main] s.w.s.m.m.a.RequestMappingHandlerMapping : Mapped "{[/demo/add],methods=[GET]}" onto public java.lang.String hello.MainController.addNewUser(java.lang.String,java.lang.String)
2018-09-05 21:16:03.003  INFO 6795 --- [           main] s.w.s.m.m.a.RequestMappingHandlerMapping : Mapped "{[/demo/all],methods=[GET]}" onto public java.lang.Iterable<hello.Customer> hello.MainController.getAllUsers()
2018-09-05 21:16:03.008  INFO 6795 --- [           main] s.w.s.m.m.a.RequestMappingHandlerMapping : Mapped "{[/error],produces=[text/html]}" onto public org.springframework.web.servlet.ModelAndView org.springframework.boot.autoconfigure.web.servlet.error.BasicErrorController.errorHtml(javax.servlet.http.HttpServletRequest,javax.servlet.http.HttpServletResponse)
2018-09-05 21:16:03.009  INFO 6795 --- [           main] s.w.s.m.m.a.RequestMappingHandlerMapping : Mapped "{[/error]}" onto public org.springframework.http.ResponseEntity<java.util.Map<java.lang.String, java.lang.Object>> org.springframework.boot.autoconfigure.web.servlet.error.BasicErrorController.error(javax.servlet.http.HttpServletRequest)
2018-09-05 21:16:03.054  INFO 6795 --- [           main] o.s.w.s.handler.SimpleUrlHandlerMapping  : Mapped URL path [/webjars/**] onto handler of type [class org.springframework.web.servlet.resource.ResourceHttpRequestHandler]
2018-09-05 21:16:03.055  INFO 6795 --- [           main] o.s.w.s.handler.SimpleUrlHandlerMapping  : Mapped URL path [/**] onto handler of type [class org.springframework.web.servlet.resource.ResourceHttpRequestHandler]
2018-09-05 21:16:03.389  INFO 6795 --- [           main] hello.ApplicationTests                   : Started ApplicationTests in 2.15 seconds (JVM running for 9.267)
2018-09-05 21:16:03.413  INFO 6795 --- [           main] o.h.h.i.QueryTranslatorFactoryInitiator  : HHH000397: Using ASTQueryTranslatorFactory
]]></system-out>
    <system-err><![CDATA[Wed Sep 05 21:16:01 ART 2018 WARN: Establishing SSL connection without server's identity verification is not recommended. According to MySQL 5.5.45+, 5.6.26+ and 5.7.6+ requirements SSL connection must be established by default if explicit option isn't set. For compliance with existing applications not using SSL the verifyServerCertificate property is set to 'false'. You need either to explicitly disable SSL by setting useSSL=false, or set useSSL=true and provide truststore for server certificate verification.
Wed Sep 05 21:16:02 ART 2018 WARN: Establishing SSL connection without server's identity verification is not recommended. According to MySQL 5.5.45+, 5.6.26+ and 5.7.6+ requirements SSL connection must be established by default if explicit option isn't set. For compliance with existing applications not using SSL the verifyServerCertificate property is set to 'false'. You need either to explicitly disable SSL by setting useSSL=false, or set useSSL=true and provide truststore for server certificate verification.
Wed Sep 05 21:16:02 ART 2018 WARN: Establishing SSL connection without server's identity verification is not recommended. According to MySQL 5.5.45+, 5.6.26+ and 5.7.6+ requirements SSL connection must be established by default if explicit option isn't set. For compliance with existing applications not using SSL the verifyServerCertificate property is set to 'false'. You need either to explicitly disable SSL by setting useSSL=false, or set useSSL=true and provide truststore for server certificate verification.
Wed Sep 05 21:16:02 ART 2018 WARN: Establishing SSL connection without server's identity verification is not recommended. According to MySQL 5.5.45+, 5.6.26+ and 5.7.6+ requirements SSL connection must be established by default if explicit option isn't set. For compliance with existing applications not using SSL the verifyServerCertificate property is set to 'false'. You need either to explicitly disable SSL by setting useSSL=false, or set useSSL=true and provide truststore for server certificate verification.
Wed Sep 05 21:16:02 ART 2018 WARN: Establishing SSL connection without server's identity verification is not recommended. According to MySQL 5.5.45+, 5.6.26+ and 5.7.6+ requirements SSL connection must be established by default if explicit option isn't set. For compliance with existing applications not using SSL the verifyServerCertificate property is set to 'false'. You need either to explicitly disable SSL by setting useSSL=false, or set useSSL=true and provide truststore for server certificate verification.
Wed Sep 05 21:16:02 ART 2018 WARN: Establishing SSL connection without server's identity verification is not recommended. According to MySQL 5.5.45+, 5.6.26+ and 5.7.6+ requirements SSL connection must be established by default if explicit option isn't set. For compliance with existing applications not using SSL the verifyServerCertificate property is set to 'false'. You need either to explicitly disable SSL by setting useSSL=false, or set useSSL=true and provide truststore for server certificate verification.
Wed Sep 05 21:16:02 ART 2018 WARN: Establishing SSL connection without server's identity verification is not recommended. According to MySQL 5.5.45+, 5.6.26+ and 5.7.6+ requirements SSL connection must be established by default if explicit option isn't set. For compliance with existing applications not using SSL the verifyServerCertificate property is set to 'false'. You need either to explicitly disable SSL by setting useSSL=false, or set useSSL=true and provide truststore for server certificate verification.
Wed Sep 05 21:16:02 ART 2018 WARN: Establishing SSL connection without server's identity verification is not recommended. According to MySQL 5.5.45+, 5.6.26+ and 5.7.6+ requirements SSL connection must be established by default if explicit option isn't set. For compliance with existing applications not using SSL the verifyServerCertificate property is set to 'false'. You need either to explicitly disable SSL by setting useSSL=false, or set useSSL=true and provide truststore for server certificate verification.
Wed Sep 05 21:16:02 ART 2018 WARN: Establishing SSL connection without server's identity verification is not recommended. According to MySQL 5.5.45+, 5.6.26+ and 5.7.6+ requirements SSL connection must be established by default if explicit option isn't set. For compliance with existing applications not using SSL the verifyServerCertificate property is set to 'false'. You need either to explicitly disable SSL by setting useSSL=false, or set useSSL=true and provide truststore for server certificate verification.
Wed Sep 05 21:16:02 ART 2018 WARN: Establishing SSL connection without server's identity verification is not recommended. According to MySQL 5.5.45+, 5.6.26+ and 5.7.6+ requirements SSL connection must be established by default if explicit option isn't set. For compliance with existing applications not using SSL the verifyServerCertificate property is set to 'false'. You need either to explicitly disable SSL by setting useSSL=false, or set useSSL=true and provide truststore for server certificate verification.
]]></system-err>
  </testcase>
  <testcase name="shouldFillOutComponentsWithDataWhenTheApplicationIsStarted" classname="hello.ApplicationTests" time="0.014">
    <failure message="expected:&lt;[]5L&gt; but was:&lt;[3]5L&gt;" type="org.junit.ComparisonFailure"><![CDATA[org.junit.ComparisonFailure: expected:<[]5L> but was:<[3]5L>
	at hello.ApplicationTests.shouldFillOutComponentsWithDataWhenTheApplicationIsStarted(ApplicationTests.java:20)
]]></failure>
  </testcase>
</testsuite>